<?xml version="1.0" encoding="UTF-8"?>
<!-- Generated by org.testng.reporters.JUnitReportReporter -->
<testsuite hostname="38fn-ynar" name="Parallelfirefox.parallelchrm" tests="1" failures="0" timestamp="25 Oct 2018 07:58:33 GMT" time="23.959" errors="0">
  <testcase name="getChorme" time="23.959" classname="Parallelfirefox.parallelchrm"/>
</testsuite> <!-- Parallelfirefox.parallelchrm -->
