<?xml version="1.0" encoding="UTF-8"?>
<!-- Generated by org.testng.reporters.JUnitReportReporter -->
<testsuite hostname="38fn-ynar" name="Parallelfirefox.parallelchrm" tests="1" failures="0" timestamp="25 Feb 2020 17:58:41 GMT" time="79.749" errors="0">
  <testcase name="getChorme" time="79.749" classname="Parallelfirefox.parallelchrm"/>
</testsuite> <!-- Parallelfirefox.parallelchrm -->
