<?xml version="1.0" encoding="UTF-8"?>
<!-- Generated by org.testng.reporters.JUnitReportReporter -->
<testsuite hostname="38fn-ynar" name="Parallelchrome.parallel" tests="1" failures="0" timestamp="25 Oct 2018 07:58:33 GMT" time="65.837" errors="0">
  <testcase name="getFirefox" time="65.837" classname="Parallelchrome.parallel"/>
</testsuite> <!-- Parallelchrome.parallel -->
