<?xml version="1.0" encoding="UTF-8"?>
<!-- Generated by org.testng.reporters.JUnitReportReporter -->
<testsuite skipped="0" hostname="38fn-ynar" name="Testng.AsertacitimeTest" tests="2" failures="0" timestamp="04 Jan 2020 17:00:40 GMT" time="0.034" errors="0">
  <testcase name="createcustomerTest" time="0.027" classname="Testng.AsertacitimeTest"/>
  <testcase name="modifycustomerTest" time="0.007" classname="Testng.AsertacitimeTest"/>
</testsuite> <!-- Testng.AsertacitimeTest -->
