<?xml version="1.0" encoding="UTF-8"?>
<!-- Generated by org.testng.reporters.JUnitReportReporter -->
<testsuite skipped="0" hostname="38fn-ynar" name="Testng.AsertacitimeTest" tests="2" failures="0" timestamp="22 Sep 2018 16:39:38 GMT" time="0.013" errors="0">
  <testcase name="createcustomerTest" time="0.008" classname="Testng.AsertacitimeTest"/>
  <testcase name="modifycustomerTest" time="0.005" classname="Testng.AsertacitimeTest"/>
</testsuite> <!-- Testng.AsertacitimeTest -->
