<?xml version="1.0" encoding="UTF-8"?>
<!-- Generated by org.testng.reporters.JUnitReportReporter -->
<testsuite hostname="38fn-ynar" name="seleniumfile.Screenshot" tests="1" failures="0" timestamp="2 Jun 2017 11:24:23 GMT" time="79.455" errors="0">
  <testcase name="Test" time="79.455" classname="seleniumfile.Screenshot"/>
</testsuite> <!-- seleniumfile.Screenshot -->
