<?xml version="1.0" encoding="UTF-8"?>
<!-- Generated by org.testng.reporters.JUnitReportReporter -->
<testsuite hostname="38fn-ynar" name="seleniumfile.Newfile" tests="1" failures="0" timestamp="29 Oct 2017 16:42:54 GMT" time="0.041" errors="0">
  <testcase name="profile" time="0.041" classname="seleniumfile.Newfile"/>
</testsuite> <!-- seleniumfile.Newfile -->
