<?xml version="1.0" encoding="UTF-8"?>
<!-- Generated by org.testng.reporters.JUnitReportReporter -->
<testsuite hostname="38fn-ynar" name="testNG.EnableAndDisableTest" tests="1" failures="0" timestamp="14 Mar 2020 14:08:48 GMT" time="0.027" errors="0">
  <testcase name="test" time="0.027" classname="testNG.EnableAndDisableTest"/>
</testsuite> <!-- testNG.EnableAndDisableTest -->
