<?xml version="1.0" encoding="UTF-8"?>
<!-- Generated by org.testng.reporters.JUnitReportReporter -->
<testsuite hostname="38fn-ynar" name="testNG.GroupTest" tests="3" failures="0" timestamp="23 Nov 2018 17:53:44 GMT" time="0.008" errors="0">
  <testcase name="test1" time="0.002" classname="testNG.GroupTest"/>
  <testcase name="test2" time="0.003" classname="testNG.GroupTest"/>
  <testcase name="test3" time="0.003" classname="testNG.GroupTest"/>
</testsuite> <!-- testNG.GroupTest -->
