<?xml version="1.0" encoding="UTF-8"?>
<!-- Generated by org.testng.reporters.JUnitReportReporter -->
<testsuite hostname="38fn-ynar" name="testNG.EnableAndDisableTest" tests="1" failures="0" timestamp="23 Nov 2018 17:53:44 GMT" time="0.001" errors="0">
  <testcase name="test" time="0.001" classname="testNG.EnableAndDisableTest"/>
</testsuite> <!-- testNG.EnableAndDisableTest -->
