<?xml version="1.0" encoding="UTF-8"?>
<!-- Generated by org.testng.reporters.JUnitReportReporter -->
<testsuite hostname="38fn-ynar" name="testNG.DataProviderTest" tests="2" failures="0" timestamp="14 Mar 2020 14:14:29 GMT" time="0.029" errors="0">
  <testcase name="test" time="0.024" classname="testNG.DataProviderTest"/>
  <testcase name="test" time="0.005" classname="testNG.DataProviderTest"/>
</testsuite> <!-- testNG.DataProviderTest -->
