<?xml version="1.0" encoding="UTF-8"?>
<!-- Generated by org.testng.reporters.JUnitReportReporter -->
<testsuite hostname="38fn-ynar" name="testNG.Allannotaions" tests="2" failures="0" timestamp="14 Mar 2020 14:04:49 GMT" time="0.013" errors="0">
  <testcase name="test1" time="0.009" classname="testNG.Allannotaions"/>
  <testcase name="test2" time="0.004" classname="testNG.Allannotaions"/>
</testsuite> <!-- testNG.Allannotaions -->
