<?xml version="1.0" encoding="UTF-8"?>
<!-- Generated by org.testng.reporters.JUnitReportReporter -->
<testsuite hostname="38fn-ynar" name="testNG.Allannotaions" tests="2" failures="0" timestamp="23 Nov 2018 17:53:44 GMT" time="0.012" errors="0">
  <testcase name="test1" time="0.010" classname="testNG.Allannotaions"/>
  <testcase name="test2" time="0.002" classname="testNG.Allannotaions"/>
</testsuite> <!-- testNG.Allannotaions -->
