<?xml version="1.0" encoding="UTF-8"?>
<!-- Generated by org.testng.reporters.JUnitReportReporter -->
<testsuite hostname="38fn-ynar" name="testNG.ParametersInTestNG" tests="1" failures="0" timestamp="23 Nov 2018 17:53:44 GMT" time="0.007" errors="0">
  <testcase name="testLogin" time="0.007" classname="testNG.ParametersInTestNG"/>
</testsuite> <!-- testNG.ParametersInTestNG -->
