<?xml version="1.0" encoding="UTF-8"?>
<!-- Generated by org.testng.reporters.JUnitReportReporter -->
<testsuite hostname="38fn-ynar" name="testNG.ParametersInTestNG" tests="1" failures="0" timestamp="14 Mar 2020 14:11:05 GMT" time="0.025" errors="0">
  <testcase name="testLogin" time="0.025" classname="testNG.ParametersInTestNG"/>
</testsuite> <!-- testNG.ParametersInTestNG -->
