<?xml version="1.0" encoding="UTF-8"?>
<!-- Generated by org.testng.reporters.JUnitReportReporter -->
<testsuite hostname="38fn-ynar" name="testNG.GroupTest" tests="3" failures="0" timestamp="22 Nov 2019 17:48:48 GMT" time="0.021" errors="0">
  <testcase name="test1" time="0.011" classname="testNG.GroupTest"/>
  <testcase name="test3" time="0.006" classname="testNG.GroupTest"/>
  <testcase name="test2" time="0.004" classname="testNG.GroupTest"/>
</testsuite> <!-- testNG.GroupTest -->
