<?xml version="1.0" encoding="UTF-8"?>
<!-- Generated by org.testng.reporters.JUnitReportReporter -->
<testsuite skipped="0" hostname="38fn-ynar" name="Extentreport.Extentreport.Testextentreport" tests="1" failures="0" timestamp="04 May 2019 19:19:31 GMT" time="2.241" errors="0">
  <testcase name="loginTest" time="2.241" classname="Extentreport.Extentreport.Testextentreport"/>
</testsuite> <!-- Extentreport.Extentreport.Testextentreport -->
