<?xml version="1.0" encoding="UTF-8"?>
<!-- Generated by org.testng.reporters.JUnitReportReporter -->
<testsuite skipped="0" hostname="38fn-ynar" name="Chromeoption.Chromeoption.Headless" tests="1" failures="0" timestamp="04 May 2019 17:25:32 GMT" time="30.127" errors="0">
  <testcase name="testheadless" time="30.127" classname="Chromeoption.Chromeoption.Headless"/>
</testsuite> <!-- Chromeoption.Chromeoption.Headless -->
